# JRE version: OpenJDK Runtime Environment (7.0_75-b13) (build 1.7.0_75-b13)
# Java VM: OpenJDK 64-Bit Server VM (24.75-b04 mixed mode linux-amd64 compressed oops)
Heap
 PSYoungGen      total 145408K, used 17914K [0x00000000eaa80000, 0x00000000f4b80000, 0x0000000100000000)
  eden space 127488K, 0% used [0x00000000eaa80000,0x00000000eaa80000,0x00000000f2700000)
  from space 17920K, 99% used [0x00000000f2700000,0x00000000f387e998,0x00000000f3880000)
  to   space 16384K, 0% used [0x00000000f3880000,0x00000000f3880000,0x00000000f4880000)
 ParOldGen       total 84992K, used 40696K [0x00000000c0000000, 0x00000000c5300000, 0x00000000eaa80000)
  object space 84992K, 47% used [0x00000000c0000000,0x00000000c27be2f0,0x00000000c5300000)
 PSPermGen       total 21504K, used 5733K [0x00000000b5a00000, 0x00000000b6f00000, 0x00000000c0000000)
  object space 21504K, 26% used [0x00000000b5a00000,0x00000000b5f99748,0x00000000b6f00000)
GC Heap History (10 events):
Event: 6.580 GC heap after
Heap after GC invocations=2 (full 0):
 PSYoungGen      total 37376K, used 5090K [0x00000000eaa80000, 0x00000000ef380000, 0x0000000100000000)
  eden space 32256K, 0% used [0x00000000eaa80000,0x00000000eaa80000,0x00000000eca00000)
  from space 5120K, 99% used [0x00000000ecf00000,0x00000000ed3f89d0,0x00000000ed400000)
  to   space 5120K, 0% used [0x00000000eca00000,0x00000000eca00000,0x00000000ecf00000)
 ParOldGen       total 84992K, used 6474K [0x00000000c0000000, 0x00000000c5300000, 0x00000000eaa80000)
  object space 84992K, 7% used [0x00000000c0000000,0x00000000c0652bc8,0x00000000c5300000)
 PSPermGen       total 21504K, used 5572K [0x00000000b5a00000, 0x00000000b6f00000, 0x00000000c0000000)
  object space 21504K, 25% used [0x00000000b5a00000,0x00000000b5f71260,0x00000000b6f00000)
}
Event: 7.276 GC heap before
{Heap before GC invocations=3 (full 0):
 PSYoungGen      total 37376K, used 37346K [0x00000000eaa80000, 0x00000000ef380000, 0x0000000100000000)
  eden space 32256K, 100% used [0x00000000eaa80000,0x00000000eca00000,0x00000000eca00000)
  from space 5120K, 99% used [0x00000000ecf00000,0x00000000ed3f89d0,0x00000000ed400000)
  to   space 5120K, 0% used [0x00000000eca00000,0x00000000eca00000,0x00000000ecf00000)
 ParOldGen       total 84992K, used 6474K [0x00000000c0000000, 0x00000000c5300000, 0x00000000eaa80000)
  object space 84992K, 7% used [0x00000000c0000000,0x00000000c0652bc8,0x00000000c5300000)
 PSPermGen       total 21504K, used 5605K [0x00000000b5a00000, 0x00000000b6f00000, 0x00000000c0000000)
  object space 21504K, 26% used [0x00000000b5a00000,0x00000000b5f79450,0x00000000b6f00000)
Event: 7.338 GC heap after
Heap after GC invocations=3 (full 0):
 PSYoungGen      total 37376K, used 5116K [0x00000000eaa80000, 0x00000000ef380000, 0x0000000100000000)
  eden space 32256K, 0% used [0x00000000eaa80000,0x00000000eaa80000,0x00000000eca00000)
  from space 5120K, 99% used [0x00000000eca00000,0x00000000eceff338,0x00000000ecf00000)
  to   space 5120K, 0% used [0x00000000eee80000,0x00000000eee80000,0x00000000ef380000)
 ParOldGen       total 84992K, used 11494K [0x00000000c0000000, 0x00000000c5300000, 0x00000000eaa80000)
  object space 84992K, 13% used [0x00000000c0000000,0x00000000c0b39808,0x00000000c5300000)
 PSPermGen       total 21504K, used 5605K [0x00000000b5a00000, 0x00000000b6f00000, 0x00000000c0000000)
  object space 21504K, 26% used [0x00000000b5a00000,0x00000000b5f79450,0x00000000b6f00000)
}
Event: 7.820 GC heap before
{Heap before GC invocations=4 (full 0):
 PSYoungGen      total 37376K, used 37372K [0x00000000eaa80000, 0x00000000ef380000, 0x0000000100000000)
  eden space 32256K, 100% used [0x00000000eaa80000,0x00000000eca00000,0x00000000eca00000)
  from space 5120K, 99% used [0x00000000eca00000,0x00000000eceff338,0x00000000ecf00000)
  to   space 5120K, 0% used [0x00000000eee80000,0x00000000eee80000,0x00000000ef380000)
 ParOldGen       total 84992K, used 11494K [0x00000000c0000000, 0x00000000c5300000, 0x00000000eaa80000)
  object space 84992K, 13% used [0x00000000c0000000,0x00000000c0b39808,0x00000000c5300000)
 PSPermGen       total 21504K, used 5633K [0x00000000b5a00000, 0x00000000b6f00000, 0x00000000c0000000)
  object space 21504K, 26% used [0x00000000b5a00000,0x00000000b5f80688,0x00000000b6f00000)
Event: 7.852 GC heap after
Heap after GC invocations=4 (full 0):
 PSYoungGen      total 69632K, used 5093K [0x00000000eaa80000, 0x00000000ef380000, 0x0000000100000000)
  eden space 64512K, 0% used [0x00000000eaa80000,0x00000000eaa80000,0x00000000ee980000)
  from space 5120K, 99% used [0x00000000eee80000,0x00000000ef379550,0x00000000ef380000)
  to   space 5120K, 0% used [0x00000000ee980000,0x00000000ee980000,0x00000000eee80000)
 ParOldGen       total 84992K, used 16882K [0x00000000c0000000, 0x00000000c5300000, 0x00000000eaa80000)
  object space 84992K, 19% used [0x00000000c0000000,0x00000000c107c9d0,0x00000000c5300000)
 PSPermGen       total 21504K, used 5633K [0x00000000b5a00000, 0x00000000b6f00000, 0x00000000c0000000)
  object space 21504K, 26% used [0x00000000b5a00000,0x00000000b5f80688,0x00000000b6f00000)
}
Event: 8.525 GC heap before
{Heap before GC invocations=5 (full 0):
 PSYoungGen      total 69632K, used 69605K [0x00000000eaa80000, 0x00000000ef380000, 0x0000000100000000)
  eden space 64512K, 100% used [0x00000000eaa80000,0x00000000ee980000,0x00000000ee980000)
  from space 5120K, 99% used [0x00000000eee80000,0x00000000ef379550,0x00000000ef380000)
  to   space 5120K, 0% used [0x00000000ee980000,0x00000000ee980000,0x00000000eee80000)
 ParOldGen       total 84992K, used 16882K [0x00000000c0000000, 0x00000000c5300000, 0x00000000eaa80000)
  object space 84992K, 19% used [0x00000000c0000000,0x00000000c107c9d0,0x00000000c5300000)
 PSPermGen       total 21504K, used 5668K [0x00000000b5a00000, 0x00000000b6f00000, 0x00000000c0000000)
  object space 21504K, 26% used [0x00000000b5a00000,0x00000000b5f89228,0x00000000b6f00000)
Event: 8.577 GC heap after
Heap after GC invocations=5 (full 0):
 PSYoungGen      total 69632K, used 5094K [0x00000000eaa80000, 0x00000000f4880000, 0x0000000100000000)
  eden space 64512K, 0% used [0x00000000eaa80000,0x00000000eaa80000,0x00000000ee980000)
  from space 5120K, 99% used [0x00000000ee980000,0x00000000eee79bf8,0x00000000eee80000)
  to   space 16384K, 0% used [0x00000000f3880000,0x00000000f3880000,0x00000000f4880000)
 ParOldGen       total 84992K, used 27519K [0x00000000c0000000, 0x00000000c5300000, 0x00000000eaa80000)
  object space 84992K, 32% used [0x00000000c0000000,0x00000000c1adffc8,0x00000000c5300000)
 PSPermGen       total 21504K, used 5668K [0x00000000b5a00000, 0x00000000b6f00000, 0x00000000c0000000)
  object space 21504K, 26% used [0x00000000b5a00000,0x00000000b5f89228,0x00000000b6f00000)
}
Event: 9.213 GC heap before
{Heap before GC invocations=6 (full 0):
 PSYoungGen      total 69632K, used 69606K [0x00000000eaa80000, 0x00000000f4880000, 0x0000000100000000)
  eden space 64512K, 100% used [0x00000000eaa80000,0x00000000ee980000,0x00000000ee980000)
  from space 5120K, 99% used [0x00000000ee980000,0x00000000eee79bf8,0x00000000eee80000)
  to   space 16384K, 0% used [0x00000000f3880000,0x00000000f3880000,0x00000000f4880000)
 ParOldGen       total 84992K, used 27519K [0x00000000c0000000, 0x00000000c5300000, 0x00000000eaa80000)
  object space 84992K, 32% used [0x00000000c0000000,0x00000000c1adffc8,0x00000000c5300000)
 PSPermGen       total 21504K, used 5681K [0x00000000b5a00000, 0x00000000b6f00000, 0x00000000c0000000)
  object space 21504K, 26% used [0x00000000b5a00000,0x00000000b5f8c7b0,0x00000000b6f00000)
Event: 9.336 GC heap after
Heap after GC invocations=6 (full 0):
 PSYoungGen      total 143872K, used 14626K [0x00000000eaa80000, 0x00000000f4b80000, 0x0000000100000000)
  eden space 127488K, 0% used [0x00000000eaa80000,0x00000000eaa80000,0x00000000f2700000)
  from space 16384K, 89% used [0x00000000f3880000,0x00000000f46c8bb0,0x00000000f4880000)
  to   space 17920K, 0% used [0x00000000f2700000,0x00000000f2700000,0x00000000f3880000)
 ParOldGen       total 84992K, used 27519K [0x00000000c0000000, 0x00000000c5300000, 0x00000000eaa80000)
  object space 84992K, 32% used [0x00000000c0000000,0x00000000c1adffc8,0x00000000c5300000)
 PSPermGen       total 21504K, used 5681K [0x00000000b5a00000, 0x00000000b6f00000, 0x00000000c0000000)
  object space 21504K, 26% used [0x00000000b5a00000,0x00000000b5f8c7b0,0x00000000b6f00000)
}
Event: 11.451 GC heap before
{Heap before GC invocations=7 (full 0):
 PSYoungGen      total 143872K, used 142114K [0x00000000eaa80000, 0x00000000f4b80000, 0x0000000100000000)
  eden space 127488K, 100% used [0x00000000eaa80000,0x00000000f2700000,0x00000000f2700000)
  from space 16384K, 89% used [0x00000000f3880000,0x00000000f46c8bb0,0x00000000f4880000)
  to   space 17920K, 0% used [0x00000000f2700000,0x00000000f2700000,0x00000000f3880000)
 ParOldGen       total 84992K, used 27519K [0x00000000c0000000, 0x00000000c5300000, 0x00000000eaa80000)
  object space 84992K, 32% used [0x00000000c0000000,0x00000000c1adffc8,0x00000000c5300000)
 PSPermGen       total 21504K, used 5733K [0x00000000b5a00000, 0x00000000b6f00000, 0x00000000c0000000)
  object space 21504K, 26% used [0x00000000b5a00000,0x00000000b5f99748,0x00000000b6f00000)

